c:\users\hp\source\repos\snakegame\debug\vc142.pdb
c:\users\hp\source\repos\snakegame\debug\vc142.idb
c:\users\hp\source\repos\snakegame\debug\main.obj
c:\users\hp\source\repos\snakegame\debug\game.obj
c:\users\hp\source\repos\snakegame\debug\assestman.obj
c:\users\hp\source\repos\snakegame\debug\stateman.obj
c:\users\hp\source\repos\snakegame\debug\mainmenu.obj
c:\users\hp\source\repos\snakegame\debug\snake.obj
c:\users\hp\source\repos\snakegame\debug\pausegame.obj
c:\users\hp\source\repos\snakegame\debug\gameover.obj
c:\users\hp\source\repos\snakegame\debug\gameplay.obj
c:\users\hp\source\repos\snakegame\debug\window.obj
c:\users\hp\source\repos\snakegame\debug\world.obj
c:\users\hp\source\repos\snakegame\debug\snakegame.exe
c:\users\hp\source\repos\snakegame\debug\snakegame.ilk
c:\users\hp\source\repos\snakegame\debug\snakegame.pdb
c:\users\hp\source\repos\snakegame\debug\snakegame.tlog\cl.command.1.tlog
c:\users\hp\source\repos\snakegame\debug\snakegame.tlog\cl.read.1.tlog
c:\users\hp\source\repos\snakegame\debug\snakegame.tlog\cl.write.1.tlog
c:\users\hp\source\repos\snakegame\debug\snakegame.tlog\link.2616-cvtres.read.1.tlog
c:\users\hp\source\repos\snakegame\debug\snakegame.tlog\link.2616-cvtres.write.1.tlog
c:\users\hp\source\repos\snakegame\debug\snakegame.tlog\link.2616-rc.read.1.tlog
c:\users\hp\source\repos\snakegame\debug\snakegame.tlog\link.2616-rc.write.1.tlog
c:\users\hp\source\repos\snakegame\debug\snakegame.tlog\link.2616.read.1.tlog
c:\users\hp\source\repos\snakegame\debug\snakegame.tlog\link.2616.write.1.tlog
c:\users\hp\source\repos\snakegame\debug\snakegame.tlog\link.command.1.tlog
c:\users\hp\source\repos\snakegame\debug\snakegame.tlog\link.read.1.tlog
c:\users\hp\source\repos\snakegame\debug\snakegame.tlog\link.write.1.tlog
